<?xml version="1.0" encoding="UTF-8"?>
<testsuite name="com.geektrust.backend.AppTest" tests="1" skipped="0" failures="0" errors="0" timestamp="2023-07-02T11:42:46" hostname="DESKTOP-6QRVC5B" time="0.001">
  <properties/>
  <testcase name="Application_Test()" classname="com.geektrust.backend.AppTest" time="0.001"/>
  <system-out><![CDATA[]]></system-out>
  <system-err><![CDATA[]]></system-err>
</testsuite>
