<?xml version="1.0" encoding="UTF-8"?>
<testsuite name="com.geektrust.backend.repositories.MetroCardRepositoryTest" tests="3" skipped="0" failures="0" errors="0" timestamp="2023-07-02T11:42:46" hostname="DESKTOP-6QRVC5B" time="0.013">
  <properties/>
  <testcase name="testFindAll()" classname="com.geektrust.backend.repositories.MetroCardRepositoryTest" time="0.008"/>
  <testcase name="testSave()" classname="com.geektrust.backend.repositories.MetroCardRepositoryTest" time="0.003"/>
  <testcase name="testGetCard()" classname="com.geektrust.backend.repositories.MetroCardRepositoryTest" time="0.0"/>
  <system-out><![CDATA[]]></system-out>
  <system-err><![CDATA[]]></system-err>
</testsuite>
