<?xml version="1.0" encoding="UTF-8"?>
<testsuite name="com.geektrust.backend.repositories.PassengerRepositoryTest" tests="1" skipped="0" failures="0" errors="0" timestamp="2023-07-02T11:42:46" hostname="DESKTOP-6QRVC5B" time="0.012">
  <properties/>
  <testcase name="testCheckInPassenger()" classname="com.geektrust.backend.repositories.PassengerRepositoryTest" time="0.012"/>
  <system-out><![CDATA[]]></system-out>
  <system-err><![CDATA[]]></system-err>
</testsuite>
