<?xml version="1.0" encoding="UTF-8"?>
<testsuite name="com.geektrust.backend.commands.PrintSummaryCommandTest" tests="1" skipped="0" failures="0" errors="0" timestamp="2023-07-02T11:42:47" hostname="DESKTOP-6QRVC5B" time="0.015">
  <properties/>
  <testcase name="execute_ShouldCallPrintSummary_WhenValidTokensProvided()" classname="com.geektrust.backend.commands.PrintSummaryCommandTest" time="0.015"/>
  <system-out><![CDATA[]]></system-out>
  <system-err><![CDATA[]]></system-err>
</testsuite>
