<?xml version="1.0" encoding="UTF-8"?>
<testsuite name="com.geektrust.backend.services.PassengerServiceTest" tests="2" skipped="0" failures="0" errors="0" timestamp="2023-07-02T11:42:46" hostname="DESKTOP-6QRVC5B" time="0.036">
  <properties/>
  <testcase name="testCheckInPassenger()" classname="com.geektrust.backend.services.PassengerServiceTest" time="0.034"/>
  <testcase name="testGetStationTypeCountMap()" classname="com.geektrust.backend.services.PassengerServiceTest" time="0.002"/>
  <system-out><![CDATA[]]></system-out>
  <system-err><![CDATA[]]></system-err>
</testsuite>
